[2023-01-21 21:13:07,901] INFO [ControllerEventThread controllerId=0] Starting (kafka.controller.ControllerEventManager$ControllerEventThread)
[2023-01-21 21:13:07,948] INFO [Controller id=0] 0 successfully elected as the controller. Epoch incremented to 1 and epoch zk version is now 1 (kafka.controller.KafkaController)
[2023-01-21 21:13:07,950] INFO [Controller id=0] Creating FeatureZNode at path: /feature with contents: FeatureZNode(2,Enabled,Map()) (kafka.controller.KafkaController)
[2023-01-21 21:13:07,981] INFO [Controller id=0] Registering handlers (kafka.controller.KafkaController)
[2023-01-21 21:13:07,984] INFO [Controller id=0] Deleting log dir event notifications (kafka.controller.KafkaController)
[2023-01-21 21:13:07,985] INFO [Controller id=0] Deleting isr change notifications (kafka.controller.KafkaController)
[2023-01-21 21:13:07,987] INFO [Controller id=0] Initializing controller context (kafka.controller.KafkaController)
[2023-01-21 21:13:07,992] INFO [Controller id=0] Initialized broker epochs cache: Map(0 -> 25) (kafka.controller.KafkaController)
[2023-01-21 21:13:07,998] DEBUG [Controller id=0] Register BrokerModifications handler for Set(0) (kafka.controller.KafkaController)
[2023-01-21 21:13:08,002] DEBUG [Channel manager on controller 0]: Controller 0 trying to connect to broker 0 (kafka.controller.ControllerChannelManager)
[2023-01-21 21:13:08,004] INFO [RequestSendThread controllerId=0] Starting (kafka.controller.RequestSendThread)
[2023-01-21 21:13:08,004] INFO [Controller id=0] Currently active brokers in the cluster: Set(0) (kafka.controller.KafkaController)
[2023-01-21 21:13:08,004] INFO [Controller id=0] Currently shutting brokers in the cluster: Set() (kafka.controller.KafkaController)
[2023-01-21 21:13:08,004] INFO [Controller id=0] Current list of topics in the cluster: Set() (kafka.controller.KafkaController)
[2023-01-21 21:13:08,004] INFO [Controller id=0] Fetching topic deletions in progress (kafka.controller.KafkaController)
[2023-01-21 21:13:08,006] INFO [Controller id=0] List of topics to be deleted:  (kafka.controller.KafkaController)
[2023-01-21 21:13:08,006] INFO [Controller id=0] List of topics ineligible for deletion:  (kafka.controller.KafkaController)
[2023-01-21 21:13:08,006] INFO [Controller id=0] Initializing topic deletion manager (kafka.controller.KafkaController)
[2023-01-21 21:13:08,006] INFO [Topic Deletion Manager 0] Initializing manager with initial deletions: Set(), initial ineligible deletions: Set() (kafka.controller.TopicDeletionManager)
[2023-01-21 21:13:08,006] INFO [Controller id=0] Sending update metadata request (kafka.controller.KafkaController)
[2023-01-21 21:13:08,010] INFO [ReplicaStateMachine controllerId=0] Initializing replica state (kafka.controller.ZkReplicaStateMachine)
[2023-01-21 21:13:08,010] INFO [ReplicaStateMachine controllerId=0] Triggering online replica state changes (kafka.controller.ZkReplicaStateMachine)
[2023-01-21 21:13:08,013] INFO [RequestSendThread controllerId=0] Controller 0 connected to pal-nat186-62-160.itap.purdue.edu:9092 (id: 0 rack: null) for sending state change requests (kafka.controller.RequestSendThread)
[2023-01-21 21:13:08,022] INFO [ReplicaStateMachine controllerId=0] Triggering offline replica state changes (kafka.controller.ZkReplicaStateMachine)
[2023-01-21 21:13:08,023] DEBUG [ReplicaStateMachine controllerId=0] Started replica state machine with initial state -> Map() (kafka.controller.ZkReplicaStateMachine)
[2023-01-21 21:13:08,023] INFO [PartitionStateMachine controllerId=0] Initializing partition state (kafka.controller.ZkPartitionStateMachine)
[2023-01-21 21:13:08,024] INFO [PartitionStateMachine controllerId=0] Triggering online partition state changes (kafka.controller.ZkPartitionStateMachine)
[2023-01-21 21:13:08,027] DEBUG [PartitionStateMachine controllerId=0] Started partition state machine with initial state -> Map() (kafka.controller.ZkPartitionStateMachine)
[2023-01-21 21:13:08,027] INFO [Controller id=0] Ready to serve as the new controller with epoch 1 (kafka.controller.KafkaController)
[2023-01-21 21:13:08,035] INFO [Controller id=0] Partitions undergoing preferred replica election:  (kafka.controller.KafkaController)
[2023-01-21 21:13:08,035] INFO [Controller id=0] Partitions that completed preferred replica election:  (kafka.controller.KafkaController)
[2023-01-21 21:13:08,036] INFO [Controller id=0] Skipping preferred replica election for partitions due to topic deletion:  (kafka.controller.KafkaController)
[2023-01-21 21:13:08,036] INFO [Controller id=0] Resuming preferred replica election for partitions:  (kafka.controller.KafkaController)
[2023-01-21 21:13:08,036] INFO [Controller id=0] Starting replica leader election (PREFERRED) for partitions  triggered by ZkTriggered (kafka.controller.KafkaController)
[2023-01-21 21:13:08,061] INFO [Controller id=0] Starting the controller scheduler (kafka.controller.KafkaController)
[2023-01-21 21:13:13,068] INFO [Controller id=0] Processing automatic preferred replica leader election (kafka.controller.KafkaController)
[2023-01-21 21:13:13,068] TRACE [Controller id=0] Checking need to trigger auto leader balancing (kafka.controller.KafkaController)
[2023-01-21 21:13:51,277] INFO [Controller id=0] Shutting down broker 0 (kafka.controller.KafkaController)
[2023-01-21 21:13:51,278] DEBUG [Controller id=0] All shutting down brokers: 0 (kafka.controller.KafkaController)
[2023-01-21 21:13:51,278] DEBUG [Controller id=0] Live brokers:  (kafka.controller.KafkaController)
[2023-01-21 21:13:51,287] TRACE [Controller id=0] All leaders =  (kafka.controller.KafkaController)
[2023-01-21 21:13:51,362] INFO [ControllerEventThread controllerId=0] Shutting down (kafka.controller.ControllerEventManager$ControllerEventThread)
[2023-01-21 21:13:51,362] INFO [ControllerEventThread controllerId=0] Stopped (kafka.controller.ControllerEventManager$ControllerEventThread)
[2023-01-21 21:13:51,362] INFO [ControllerEventThread controllerId=0] Shutdown completed (kafka.controller.ControllerEventManager$ControllerEventThread)
[2023-01-21 21:13:51,362] DEBUG [Controller id=0] Resigning (kafka.controller.KafkaController)
[2023-01-21 21:13:51,362] DEBUG [Controller id=0] Unregister BrokerModifications handler for Set(0) (kafka.controller.KafkaController)
[2023-01-21 21:13:51,363] INFO [PartitionStateMachine controllerId=0] Stopped partition state machine (kafka.controller.ZkPartitionStateMachine)
[2023-01-21 21:13:51,363] INFO [ReplicaStateMachine controllerId=0] Stopped replica state machine (kafka.controller.ZkReplicaStateMachine)
[2023-01-21 21:13:51,363] INFO [RequestSendThread controllerId=0] Shutting down (kafka.controller.RequestSendThread)
[2023-01-21 21:13:51,363] INFO [RequestSendThread controllerId=0] Stopped (kafka.controller.RequestSendThread)
[2023-01-21 21:13:51,363] INFO [RequestSendThread controllerId=0] Shutdown completed (kafka.controller.RequestSendThread)
[2023-01-21 21:13:51,364] INFO [Controller id=0] Resigned (kafka.controller.KafkaController)
